<testsuites id="" name="" tests="115" failures="79" skipped="5" errors="0" time="1586.138241">
<testsuite name="basic.e2e.test.ts" timestamp="2025-07-16T16:23:16.581Z" hostname="chromium" tests="4" failures="0" skipped="1" time="2.833" errors="0">
<testcase name="Basic E2E Tests › should load the homepage" classname="basic.e2e.test.ts" time="0">
<properties>
<property name="skip" value="">
</property>
</properties>
<skipped>
</skipped>
</testcase>
<testcase name="Basic E2E Tests › should verify test framework" classname="basic.e2e.test.ts" time="2.361">
</testcase>
<testcase name="Responsive Design Tests › should work on mobile viewport" classname="basic.e2e.test.ts" time="0.241">
</testcase>
<testcase name="Responsive Design Tests › should work on desktop viewport" classname="basic.e2e.test.ts" time="0.231">
</testcase>
</testsuite>
<testsuite name="main-flows.spec.ts" timestamp="2025-07-16T16:23:16.581Z" hostname="chromium" tests="19" failures="16" skipped="0" time="289.116" errors="0">
<testcase name="Authentication Flow › user can login and logout" classname="main-flows.spec.ts" time="5.809">
</testcase>
<testcase name="Authentication Flow › shows error for invalid credentials" classname="main-flows.spec.ts" time="0.947">
</testcase>
<testcase name="Work Order Management › technician can complete work order flow @smoke" classname="main-flows.spec.ts" time="31.921">
<failure message="main-flows.spec.ts:65:3 technician can complete work order flow @smoke" type="FAILURE">
<![CDATA[  [chromium] › main-flows.spec.ts:65:3 › Work Order Management › technician can complete work order flow @smoke 

    Test timeout of 30000ms exceeded.

    Error: page.click: Test timeout of 30000ms exceeded.
    Call log:
      - waiting for locator('[data-testid="work-order-card"]:first-child')


      69 |     
      70 |     // Select first work order
    > 71 |     await page.click('[data-testid="work-order-card"]:first-child')
         |                ^
      72 |     
      73 |     // Update status to in progress
      74 |     await page.selectOption('[data-testid="status-select"]', 'in_progress')
        at /workspaces/MaintainPro-Replit/tests/e2e/main-flows.spec.ts:71:16

    attachment #1: screenshot (image/png) ──────────────────────────────────────────────────────────
    ../../test-results/main-flows-Work-Order-Mana-de150-plete-work-order-flow-smoke-chromium/test-failed-1.png
    ────────────────────────────────────────────────────────────────────────────────────────────────

    attachment #2: video (video/webm) ──────────────────────────────────────────────────────────────
    ../../test-results/main-flows-Work-Order-Mana-de150-plete-work-order-flow-smoke-chromium/video.webm
    ────────────────────────────────────────────────────────────────────────────────────────────────

    Error Context: ../../test-results/main-flows-Work-Order-Mana-de150-plete-work-order-flow-smoke-chromium/error-context.md
]]>
</failure>
<system-out>
<![CDATA[
[[ATTACHMENT|main-flows-Work-Order-Mana-de150-plete-work-order-flow-smoke-chromium/test-failed-1.png]]

[[ATTACHMENT|main-flows-Work-Order-Mana-de150-plete-work-order-flow-smoke-chromium/video.webm]]

[[ATTACHMENT|main-flows-Work-Order-Mana-de150-plete-work-order-flow-smoke-chromium/error-context.md]]
]]>
</system-out>
</testcase>
<testcase name="Work Order Management › can create new work order" classname="main-flows.spec.ts" time="32.071">
<failure message="main-flows.spec.ts:100:3 can create new work order" type="FAILURE">
<![CDATA[  [chromium] › main-flows.spec.ts:100:3 › Work Order Management › can create new work order ────────

    Test timeout of 30000ms exceeded.

    Error: page.fill: Test timeout of 30000ms exceeded.
    Call log:
      - waiting for locator('[data-testid="fo-number-input"]')


      105 |     
      106 |     // Fill in work order details
    > 107 |     await page.fill('[data-testid="fo-number-input"]', testWorkOrder.foNumber)
          |                ^
      108 |     await page.fill('[data-testid="description-input"]', testWorkOrder.description)
      109 |     await page.selectOption('[data-testid="priority-select"]', testWorkOrder.priority)
      110 |     
        at /workspaces/MaintainPro-Replit/tests/e2e/main-flows.spec.ts:107:16

    attachment #1: screenshot (image/png) ──────────────────────────────────────────────────────────
    ../../test-results/main-flows-Work-Order-Management-can-create-new-work-order-chromium/test-failed-1.png
    ────────────────────────────────────────────────────────────────────────────────────────────────

    attachment #2: video (video/webm) ──────────────────────────────────────────────────────────────
    ../../test-results/main-flows-Work-Order-Management-can-create-new-work-order-chromium/video.webm
    ────────────────────────────────────────────────────────────────────────────────────────────────

    Error Context: ../../test-results/main-flows-Work-Order-Management-can-create-new-work-order-chromium/error-context.md
]]>
</failure>
<system-out>
<![CDATA[
[[ATTACHMENT|main-flows-Work-Order-Management-can-create-new-work-order-chromium/test-failed-1.png]]

[[ATTACHMENT|main-flows-Work-Order-Management-can-create-new-work-order-chromium/video.webm]]

[[ATTACHMENT|main-flows-Work-Order-Management-can-create-new-work-order-chromium/error-context.md]]
]]>
</system-out>
</testcase>
<testcase name="Work Order Management › can filter work orders" classname="main-flows.spec.ts" time="32.163">
<failure message="main-flows.spec.ts:123:3 can filter work orders" type="FAILURE">
<![CDATA[  [chromium] › main-flows.spec.ts:123:3 › Work Order Management › can filter work orders ───────────

    Test timeout of 30000ms exceeded.

    Error: page.selectOption: Test timeout of 30000ms exceeded.
    Call log:
      - waiting for locator('[data-testid="status-filter"]')


      125 |     
      126 |     // Filter by status
    > 127 |     await page.selectOption('[data-testid="status-filter"]', 'new')
          |                ^
      128 |     
      129 |     // Verify filtering
      130 |     const workOrderCards = page.locator('[data-testid="work-order-card"]')
        at /workspaces/MaintainPro-Replit/tests/e2e/main-flows.spec.ts:127:16

    attachment #1: screenshot (image/png) ──────────────────────────────────────────────────────────
    ../../test-results/main-flows-Work-Order-Management-can-filter-work-orders-chromium/test-failed-1.png
    ────────────────────────────────────────────────────────────────────────────────────────────────

    attachment #2: video (video/webm) ──────────────────────────────────────────────────────────────
    ../../test-results/main-flows-Work-Order-Management-can-filter-work-orders-chromium/video.webm
    ────────────────────────────────────────────────────────────────────────────────────────────────

    Error Context: ../../test-results/main-flows-Work-Order-Management-can-filter-work-orders-chromium/error-context.md
]]>
</failure>
<system-out>
<![CDATA[
[[ATTACHMENT|main-flows-Work-Order-Management-can-filter-work-orders-chromium/test-failed-1.png]]

[[ATTACHMENT|main-flows-Work-Order-Management-can-filter-work-orders-chromium/video.webm]]

[[ATTACHMENT|main-flows-Work-Order-Management-can-filter-work-orders-chromium/error-context.md]]
]]>
</system-out>
</testcase>
<testcase name="Work Order Management › can search work orders" classname="main-flows.spec.ts" time="32.145">
<failure message="main-flows.spec.ts:141:3 can search work orders" type="FAILURE">
<![CDATA[  [chromium] › main-flows.spec.ts:141:3 › Work Order Management › can search work orders ───────────

    Test timeout of 30000ms exceeded.

    Error: page.fill: Test timeout of 30000ms exceeded.
    Call log:
      - waiting for locator('[data-testid="search-input"]')


      143 |     
      144 |     // Search for specific work order
    > 145 |     await page.fill('[data-testid="search-input"]', 'WO-001')
          |                ^
      146 |     
      147 |     // Verify search results
      148 |     await expect(page.locator('[data-testid="work-order-card"]')).toHaveCount(1)
        at /workspaces/MaintainPro-Replit/tests/e2e/main-flows.spec.ts:145:16

    attachment #1: screenshot (image/png) ──────────────────────────────────────────────────────────
    ../../test-results/main-flows-Work-Order-Management-can-search-work-orders-chromium/test-failed-1.png
    ────────────────────────────────────────────────────────────────────────────────────────────────

    attachment #2: video (video/webm) ──────────────────────────────────────────────────────────────
    ../../test-results/main-flows-Work-Order-Management-can-search-work-orders-chromium/video.webm
    ────────────────────────────────────────────────────────────────────────────────────────────────

    Error Context: ../../test-results/main-flows-Work-Order-Management-can-search-work-orders-chromium/error-context.md
]]>
</failure>
<system-out>
<![CDATA[
[[ATTACHMENT|main-flows-Work-Order-Management-can-search-work-orders-chromium/test-failed-1.png]]

[[ATTACHMENT|main-flows-Work-Order-Management-can-search-work-orders-chromium/video.webm]]

[[ATTACHMENT|main-flows-Work-Order-Management-can-search-work-orders-chromium/error-context.md]]
]]>
</system-out>
</testcase>
<testcase name="Equipment Management › can view equipment list" classname="main-flows.spec.ts" time="6.504">
<failure message="main-flows.spec.ts:163:3 can view equipment list" type="FAILURE">
<![CDATA[  [chromium] › main-flows.spec.ts:163:3 › Equipment Management › can view equipment list ───────────

    Error: Timed out 5000ms waiting for expect(page).toHaveURL(expected)

    Expected string: "http://localhost:8080/dashboard"
    Received string: "http://localhost:8080/login"
    Call log:
      - Expect "toHaveURL" with timeout 5000ms
        9 × unexpected value "http://localhost:8080/login"


      158 |     await page.fill('[data-testid="password-input"]', 'password')
      159 |     await page.click('[data-testid="login-button"]')
    > 160 |     await expect(page).toHaveURL('/dashboard')
          |                        ^
      161 |   })
      162 |
      163 |   test('can view equipment list', async ({ page }) => {
        at /workspaces/MaintainPro-Replit/tests/e2e/main-flows.spec.ts:160:24

    attachment #1: screenshot (image/png) ──────────────────────────────────────────────────────────
    ../../test-results/main-flows-Equipment-Management-can-view-equipment-list-chromium/test-failed-1.png
    ────────────────────────────────────────────────────────────────────────────────────────────────

    attachment #2: video (video/webm) ──────────────────────────────────────────────────────────────
    ../../test-results/main-flows-Equipment-Management-can-view-equipment-list-chromium/video.webm
    ────────────────────────────────────────────────────────────────────────────────────────────────

    Error Context: ../../test-results/main-flows-Equipment-Management-can-view-equipment-list-chromium/error-context.md
]]>
</failure>
<system-out>
<![CDATA[
[[ATTACHMENT|main-flows-Equipment-Management-can-view-equipment-list-chromium/test-failed-1.png]]

[[ATTACHMENT|main-flows-Equipment-Management-can-view-equipment-list-chromium/video.webm]]

[[ATTACHMENT|main-flows-Equipment-Management-can-view-equipment-list-chromium/error-context.md]]
]]>
</system-out>
</testcase>
<testcase name="Equipment Management › can create new equipment" classname="main-flows.spec.ts" time="6.369">
<failure message="main-flows.spec.ts:172:3 can create new equipment" type="FAILURE">
<![CDATA[  [chromium] › main-flows.spec.ts:172:3 › Equipment Management › can create new equipment ──────────

    Error: Timed out 5000ms waiting for expect(page).toHaveURL(expected)

    Expected string: "http://localhost:8080/dashboard"
    Received string: "http://localhost:8080/login"
    Call log:
      - Expect "toHaveURL" with timeout 5000ms
        9 × unexpected value "http://localhost:8080/login"


      158 |     await page.fill('[data-testid="password-input"]', 'password')
      159 |     await page.click('[data-testid="login-button"]')
    > 160 |     await expect(page).toHaveURL('/dashboard')
          |                        ^
      161 |   })
      162 |
      163 |   test('can view equipment list', async ({ page }) => {
        at /workspaces/MaintainPro-Replit/tests/e2e/main-flows.spec.ts:160:24

    attachment #1: screenshot (image/png) ──────────────────────────────────────────────────────────
    ../../test-results/main-flows-Equipment-Management-can-create-new-equipment-chromium/test-failed-1.png
    ────────────────────────────────────────────────────────────────────────────────────────────────

    attachment #2: video (video/webm) ──────────────────────────────────────────────────────────────
    ../../test-results/main-flows-Equipment-Management-can-create-new-equipment-chromium/video.webm
    ────────────────────────────────────────────────────────────────────────────────────────────────

    Error Context: ../../test-results/main-flows-Equipment-Management-can-create-new-equipment-chromium/error-context.md
]]>
</failure>
<system-out>
<![CDATA[
[[ATTACHMENT|main-flows-Equipment-Management-can-create-new-equipment-chromium/test-failed-1.png]]

[[ATTACHMENT|main-flows-Equipment-Management-can-create-new-equipment-chromium/video.webm]]

[[ATTACHMENT|main-flows-Equipment-Management-can-create-new-equipment-chromium/error-context.md]]
]]>
</system-out>
</testcase>
<testcase name="Equipment Management › can scan QR code for equipment" classname="main-flows.spec.ts" time="6.533">
<failure message="main-flows.spec.ts:192:3 can scan QR code for equipment" type="FAILURE">
<![CDATA[  [chromium] › main-flows.spec.ts:192:3 › Equipment Management › can scan QR code for equipment ────

    Error: Timed out 5000ms waiting for expect(page).toHaveURL(expected)

    Expected string: "http://localhost:8080/dashboard"
    Received string: "http://localhost:8080/login"
    Call log:
      - Expect "toHaveURL" with timeout 5000ms
        9 × unexpected value "http://localhost:8080/login"


      158 |     await page.fill('[data-testid="password-input"]', 'password')
      159 |     await page.click('[data-testid="login-button"]')
    > 160 |     await expect(page).toHaveURL('/dashboard')
          |                        ^
      161 |   })
      162 |
      163 |   test('can view equipment list', async ({ page }) => {
        at /workspaces/MaintainPro-Replit/tests/e2e/main-flows.spec.ts:160:24

    attachment #1: screenshot (image/png) ──────────────────────────────────────────────────────────
    ../../test-results/main-flows-Equipment-Manag-2d8ab--scan-QR-code-for-equipment-chromium/test-failed-1.png
    ────────────────────────────────────────────────────────────────────────────────────────────────

    attachment #2: video (video/webm) ──────────────────────────────────────────────────────────────
    ../../test-results/main-flows-Equipment-Manag-2d8ab--scan-QR-code-for-equipment-chromium/video.webm
    ────────────────────────────────────────────────────────────────────────────────────────────────

    Error Context: ../../test-results/main-flows-Equipment-Manag-2d8ab--scan-QR-code-for-equipment-chromium/error-context.md
]]>
</failure>
<system-out>
<![CDATA[
[[ATTACHMENT|main-flows-Equipment-Manag-2d8ab--scan-QR-code-for-equipment-chromium/test-failed-1.png]]

[[ATTACHMENT|main-flows-Equipment-Manag-2d8ab--scan-QR-code-for-equipment-chromium/video.webm]]

[[ATTACHMENT|main-flows-Equipment-Manag-2d8ab--scan-QR-code-for-equipment-chromium/error-context.md]]
]]>
</system-out>
</testcase>
<testcase name="Dashboard and Analytics › displays dashboard metrics" classname="main-flows.spec.ts" time="6.398">
<failure message="main-flows.spec.ts:218:3 displays dashboard metrics" type="FAILURE">
<![CDATA[  [chromium] › main-flows.spec.ts:218:3 › Dashboard and Analytics › displays dashboard metrics ─────

    Error: Timed out 5000ms waiting for expect(page).toHaveURL(expected)

    Expected string: "http://localhost:8080/dashboard"
    Received string: "http://localhost:8080/login"
    Call log:
      - Expect "toHaveURL" with timeout 5000ms
        9 × unexpected value "http://localhost:8080/login"


      213 |     await page.fill('[data-testid="password-input"]', 'password')
      214 |     await page.click('[data-testid="login-button"]')
    > 215 |     await expect(page).toHaveURL('/dashboard')
          |                        ^
      216 |   })
      217 |
      218 |   test('displays dashboard metrics', async ({ page }) => {
        at /workspaces/MaintainPro-Replit/tests/e2e/main-flows.spec.ts:215:24

    attachment #1: screenshot (image/png) ──────────────────────────────────────────────────────────
    ../../test-results/main-flows-Dashboard-and-A-2ddcc--displays-dashboard-metrics-chromium/test-failed-1.png
    ────────────────────────────────────────────────────────────────────────────────────────────────

    attachment #2: video (video/webm) ──────────────────────────────────────────────────────────────
    ../../test-results/main-flows-Dashboard-and-A-2ddcc--displays-dashboard-metrics-chromium/video.webm
    ────────────────────────────────────────────────────────────────────────────────────────────────

    Error Context: ../../test-results/main-flows-Dashboard-and-A-2ddcc--displays-dashboard-metrics-chromium/error-context.md
]]>
</failure>
<system-out>
<![CDATA[
[[ATTACHMENT|main-flows-Dashboard-and-A-2ddcc--displays-dashboard-metrics-chromium/test-failed-1.png]]

[[ATTACHMENT|main-flows-Dashboard-and-A-2ddcc--displays-dashboard-metrics-chromium/video.webm]]

[[ATTACHMENT|main-flows-Dashboard-and-A-2ddcc--displays-dashboard-metrics-chromium/error-context.md]]
]]>
</system-out>
</testcase>
<testcase name="Dashboard and Analytics › can filter dashboard by date range" classname="main-flows.spec.ts" time="6.496">
<failure message="main-flows.spec.ts:230:3 can filter dashboard by date range" type="FAILURE">
<![CDATA[  [chromium] › main-flows.spec.ts:230:3 › Dashboard and Analytics › can filter dashboard by date range 

    Error: Timed out 5000ms waiting for expect(page).toHaveURL(expected)

    Expected string: "http://localhost:8080/dashboard"
    Received string: "http://localhost:8080/login"
    Call log:
      - Expect "toHaveURL" with timeout 5000ms
        9 × unexpected value "http://localhost:8080/login"


      213 |     await page.fill('[data-testid="password-input"]', 'password')
      214 |     await page.click('[data-testid="login-button"]')
    > 215 |     await expect(page).toHaveURL('/dashboard')
          |                        ^
      216 |   })
      217 |
      218 |   test('displays dashboard metrics', async ({ page }) => {
        at /workspaces/MaintainPro-Replit/tests/e2e/main-flows.spec.ts:215:24

    attachment #1: screenshot (image/png) ──────────────────────────────────────────────────────────
    ../../test-results/main-flows-Dashboard-and-A-34429-ter-dashboard-by-date-range-chromium/test-failed-1.png
    ────────────────────────────────────────────────────────────────────────────────────────────────

    attachment #2: video (video/webm) ──────────────────────────────────────────────────────────────
    ../../test-results/main-flows-Dashboard-and-A-34429-ter-dashboard-by-date-range-chromium/video.webm
    ────────────────────────────────────────────────────────────────────────────────────────────────

    Error Context: ../../test-results/main-flows-Dashboard-and-A-34429-ter-dashboard-by-date-range-chromium/error-context.md
]]>
</failure>
<system-out>
<![CDATA[
[[ATTACHMENT|main-flows-Dashboard-and-A-34429-ter-dashboard-by-date-range-chromium/test-failed-1.png]]

[[ATTACHMENT|main-flows-Dashboard-and-A-34429-ter-dashboard-by-date-range-chromium/video.webm]]

[[ATTACHMENT|main-flows-Dashboard-and-A-34429-ter-dashboard-by-date-range-chromium/error-context.md]]
]]>
</system-out>
</testcase>
<testcase name="Mobile Responsiveness › mobile navigation works correctly" classname="main-flows.spec.ts" time="31.239">
<failure message="main-flows.spec.ts:249:3 mobile navigation works correctly" type="FAILURE">
<![CDATA[  [chromium] › main-flows.spec.ts:249:3 › Mobile Responsiveness › mobile navigation works correctly 

    Test timeout of 30000ms exceeded.

    Error: page.click: Test timeout of 30000ms exceeded.
    Call log:
      - waiting for locator('[data-testid="mobile-menu-button"]')


      254 |     
      255 |     // Open mobile menu
    > 256 |     await page.click('[data-testid="mobile-menu-button"]')
          |                ^
      257 |     
      258 |     // Verify menu items are visible
      259 |     await expect(page.locator('[data-testid="mobile-nav-dashboard"]')).toBeVisible()
        at /workspaces/MaintainPro-Replit/tests/e2e/main-flows.spec.ts:256:16

    attachment #1: screenshot (image/png) ──────────────────────────────────────────────────────────
    ../../test-results/main-flows-Mobile-Responsi-5632e--navigation-works-correctly-chromium/test-failed-1.png
    ────────────────────────────────────────────────────────────────────────────────────────────────

    attachment #2: video (video/webm) ──────────────────────────────────────────────────────────────
    ../../test-results/main-flows-Mobile-Responsi-5632e--navigation-works-correctly-chromium/video.webm
    ────────────────────────────────────────────────────────────────────────────────────────────────

    Error Context: ../../test-results/main-flows-Mobile-Responsi-5632e--navigation-works-correctly-chromium/error-context.md
]]>
</failure>
<system-out>
<![CDATA[
[[ATTACHMENT|main-flows-Mobile-Responsi-5632e--navigation-works-correctly-chromium/test-failed-1.png]]

[[ATTACHMENT|main-flows-Mobile-Responsi-5632e--navigation-works-correctly-chromium/video.webm]]

[[ATTACHMENT|main-flows-Mobile-Responsi-5632e--navigation-works-correctly-chromium/error-context.md]]
]]>
</system-out>
</testcase>
<testcase name="Mobile Responsiveness › work order cards are touch-friendly" classname="main-flows.spec.ts" time="31.45">
<failure message="main-flows.spec.ts:268:3 work order cards are touch-friendly" type="FAILURE">
<![CDATA[  [chromium] › main-flows.spec.ts:268:3 › Mobile Responsiveness › work order cards are touch-friendly 

    Test timeout of 30000ms exceeded.

    Error: locator.boundingBox: Test timeout of 30000ms exceeded.
    Call log:
      - waiting for locator('[data-testid="work-order-card"]').first()


      276 |     // Verify work order cards are adequately sized for touch
      277 |     const workOrderCard = page.locator('[data-testid="work-order-card"]').first()
    > 278 |     const boundingBox = await workOrderCard.boundingBox()
          |                                             ^
      279 |     
      280 |     // Minimum touch target size should be 44px (WCAG recommendation)
      281 |     expect(boundingBox!.height).toBeGreaterThan(44)
        at /workspaces/MaintainPro-Replit/tests/e2e/main-flows.spec.ts:278:45

    attachment #1: screenshot (image/png) ──────────────────────────────────────────────────────────
    ../../test-results/main-flows-Mobile-Responsi-52d7b-er-cards-are-touch-friendly-chromium/test-failed-1.png
    ────────────────────────────────────────────────────────────────────────────────────────────────

    attachment #2: video (video/webm) ──────────────────────────────────────────────────────────────
    ../../test-results/main-flows-Mobile-Responsi-52d7b-er-cards-are-touch-friendly-chromium/video.webm
    ────────────────────────────────────────────────────────────────────────────────────────────────

    Error Context: ../../test-results/main-flows-Mobile-Responsi-52d7b-er-cards-are-touch-friendly-chromium/error-context.md
]]>
</failure>
<system-out>
<![CDATA[
[[ATTACHMENT|main-flows-Mobile-Responsi-52d7b-er-cards-are-touch-friendly-chromium/test-failed-1.png]]

[[ATTACHMENT|main-flows-Mobile-Responsi-52d7b-er-cards-are-touch-friendly-chromium/video.webm]]

[[ATTACHMENT|main-flows-Mobile-Responsi-52d7b-er-cards-are-touch-friendly-chromium/error-context.md]]
]]>
</system-out>
</testcase>
<testcase name="Offline Functionality › shows offline indicator when network is unavailable" classname="main-flows.spec.ts" time="6.697">
<failure message="main-flows.spec.ts:286:3 shows offline indicator when network is unavailable" type="FAILURE">
<![CDATA[  [chromium] › main-flows.spec.ts:286:3 › Offline Functionality › shows offline indicator when network is unavailable 

    Error: Timed out 5000ms waiting for expect(locator).toBeVisible()

    Locator: locator('[data-testid="offline-indicator"]')
    Expected: visible
    Received: <element(s) not found>
    Call log:
      - Expect "toBeVisible" with timeout 5000ms
      - waiting for locator('[data-testid="offline-indicator"]')


      294 |     
      295 |     // Verify offline indicator appears
    > 296 |     await expect(page.locator('[data-testid="offline-indicator"]')).toBeVisible()
          |                                                                     ^
      297 |     await expect(page.locator('[data-testid="offline-indicator"]')).toContainText('Offline')
      298 |   })
      299 |
        at /workspaces/MaintainPro-Replit/tests/e2e/main-flows.spec.ts:296:69

    attachment #1: screenshot (image/png) ──────────────────────────────────────────────────────────
    ../../test-results/main-flows-Offline-Functio-20812-when-network-is-unavailable-chromium/test-failed-1.png
    ────────────────────────────────────────────────────────────────────────────────────────────────

    attachment #2: video (video/webm) ──────────────────────────────────────────────────────────────
    ../../test-results/main-flows-Offline-Functio-20812-when-network-is-unavailable-chromium/video.webm
    ────────────────────────────────────────────────────────────────────────────────────────────────

    Error Context: ../../test-results/main-flows-Offline-Functio-20812-when-network-is-unavailable-chromium/error-context.md
]]>
</failure>
<system-out>
<![CDATA[
[[ATTACHMENT|main-flows-Offline-Functio-20812-when-network-is-unavailable-chromium/test-failed-1.png]]

[[ATTACHMENT|main-flows-Offline-Functio-20812-when-network-is-unavailable-chromium/video.webm]]

[[ATTACHMENT|main-flows-Offline-Functio-20812-when-network-is-unavailable-chromium/error-context.md]]
]]>
</system-out>
</testcase>
<testcase name="Offline Functionality › can complete work orders offline" classname="main-flows.spec.ts" time="32.295">
<failure message="main-flows.spec.ts:300:3 can complete work orders offline" type="FAILURE">
<![CDATA[  [chromium] › main-flows.spec.ts:300:3 › Offline Functionality › can complete work orders offline ─

    Test timeout of 30000ms exceeded.

    Error: page.click: Test timeout of 30000ms exceeded.
    Call log:
      - waiting for locator('[data-testid="work-order-card"]')


      310 |     
      311 |     // Complete work order
    > 312 |     await page.click('[data-testid="work-order-card"]')
          |                ^
      313 |     await page.selectOption('[data-testid="status-select"]', 'completed')
      314 |     await page.click('[data-testid="complete-button"]')
      315 |     
        at /workspaces/MaintainPro-Replit/tests/e2e/main-flows.spec.ts:312:16

    attachment #1: screenshot (image/png) ──────────────────────────────────────────────────────────
    ../../test-results/main-flows-Offline-Functio-6eeb0-omplete-work-orders-offline-chromium/test-failed-1.png
    ────────────────────────────────────────────────────────────────────────────────────────────────

    attachment #2: video (video/webm) ──────────────────────────────────────────────────────────────
    ../../test-results/main-flows-Offline-Functio-6eeb0-omplete-work-orders-offline-chromium/video.webm
    ────────────────────────────────────────────────────────────────────────────────────────────────

    Error Context: ../../test-results/main-flows-Offline-Functio-6eeb0-omplete-work-orders-offline-chromium/error-context.md
]]>
</failure>
<system-out>
<![CDATA[
[[ATTACHMENT|main-flows-Offline-Functio-6eeb0-omplete-work-orders-offline-chromium/test-failed-1.png]]

[[ATTACHMENT|main-flows-Offline-Functio-6eeb0-omplete-work-orders-offline-chromium/video.webm]]

[[ATTACHMENT|main-flows-Offline-Functio-6eeb0-omplete-work-orders-offline-chromium/error-context.md]]
]]>
</system-out>
</testcase>
<testcase name="Accessibility › supports keyboard navigation" classname="main-flows.spec.ts" time="6.208">
<failure message="main-flows.spec.ts:329:3 supports keyboard navigation" type="FAILURE">
<![CDATA[  [chromium] › main-flows.spec.ts:329:3 › Accessibility › supports keyboard navigation ─────────────

    Error: Timed out 5000ms waiting for expect(locator).toBeFocused()

    Locator: locator('[data-testid="email-input"]')
    Expected: focused
    Received: inactive
    Call log:
      - Expect "toBeFocused" with timeout 5000ms
      - waiting for locator('[data-testid="email-input"]')
        9 × locator resolved to <input value="" id="email" required="" type="email" data-testid="email-input" placeholder="Enter your email" class="flex h-10 w-full rounded-md border border-input bg-background px-3 py-2 text-base ring-offset-background file:border-0 file:bg-transparent file:text-sm file:font-medium file:text-foreground placeholder:text-muted-foreground focus-visible:outline-none focus-visible:ring-2 focus-visible:ring-ring focus-visible:ring-offset-2 disabled:cursor-not-allowed disabled:opacity-50 md:text-sm mt-1"/>
          - unexpected value "inactive"


      332 |     // Tab through form elements
      333 |     await page.keyboard.press('Tab')
    > 334 |     await expect(page.locator('[data-testid="email-input"]')).toBeFocused()
          |                                                               ^
      335 |     
      336 |     await page.keyboard.press('Tab')
      337 |     await expect(page.locator('[data-testid="password-input"]')).toBeFocused()
        at /workspaces/MaintainPro-Replit/tests/e2e/main-flows.spec.ts:334:63

    attachment #1: screenshot (image/png) ──────────────────────────────────────────────────────────
    ../../test-results/main-flows-Accessibility-supports-keyboard-navigation-chromium/test-failed-1.png
    ────────────────────────────────────────────────────────────────────────────────────────────────

    attachment #2: video (video/webm) ──────────────────────────────────────────────────────────────
    ../../test-results/main-flows-Accessibility-supports-keyboard-navigation-chromium/video.webm
    ────────────────────────────────────────────────────────────────────────────────────────────────

    Error Context: ../../test-results/main-flows-Accessibility-supports-keyboard-navigation-chromium/error-context.md
]]>
</failure>
<system-out>
<![CDATA[
[[ATTACHMENT|main-flows-Accessibility-supports-keyboard-navigation-chromium/test-failed-1.png]]

[[ATTACHMENT|main-flows-Accessibility-supports-keyboard-navigation-chromium/video.webm]]

[[ATTACHMENT|main-flows-Accessibility-supports-keyboard-navigation-chromium/error-context.md]]
]]>
</system-out>
</testcase>
<testcase name="Accessibility › has proper focus indicators" classname="main-flows.spec.ts" time="6.063">
<failure message="main-flows.spec.ts:343:3 has proper focus indicators" type="FAILURE">
<![CDATA[  [chromium] › main-flows.spec.ts:343:3 › Accessibility › has proper focus indicators ──────────────

    Error: Timed out 5000ms waiting for expect(locator).toBeFocused()

    Locator: locator('[data-testid="email-input"]')
    Expected: focused
    Received: inactive
    Call log:
      - Expect "toBeFocused" with timeout 5000ms
      - waiting for locator('[data-testid="email-input"]')
        8 × locator resolved to <input value="" id="email" required="" type="email" data-testid="email-input" placeholder="Enter your email" class="flex h-10 w-full rounded-md border border-input bg-background px-3 py-2 text-base ring-offset-background file:border-0 file:bg-transparent file:text-sm file:font-medium file:text-foreground placeholder:text-muted-foreground focus-visible:outline-none focus-visible:ring-2 focus-visible:ring-ring focus-visible:ring-offset-2 disabled:cursor-not-allowed disabled:opacity-50 md:text-sm mt-1"/>
          - unexpected value "inactive"


      347 |     await page.keyboard.press('Tab')
      348 |     const emailInput = page.locator('[data-testid="email-input"]')
    > 349 |     await expect(emailInput).toBeFocused()
          |                              ^
      350 |     
      351 |     // Verify focus indicator is visible (this would need specific CSS checks)
      352 |     // await expect(emailInput).toHaveCSS('outline', expect.stringContaining('solid'))
        at /workspaces/MaintainPro-Replit/tests/e2e/main-flows.spec.ts:349:30

    attachment #1: screenshot (image/png) ──────────────────────────────────────────────────────────
    ../../test-results/main-flows-Accessibility-has-proper-focus-indicators-chromium/test-failed-1.png
    ────────────────────────────────────────────────────────────────────────────────────────────────

    attachment #2: video (video/webm) ──────────────────────────────────────────────────────────────
    ../../test-results/main-flows-Accessibility-has-proper-focus-indicators-chromium/video.webm
    ────────────────────────────────────────────────────────────────────────────────────────────────

    Error Context: ../../test-results/main-flows-Accessibility-has-proper-focus-indicators-chromium/error-context.md
]]>
</failure>
<system-out>
<![CDATA[
[[ATTACHMENT|main-flows-Accessibility-has-proper-focus-indicators-chromium/test-failed-1.png]]

[[ATTACHMENT|main-flows-Accessibility-has-proper-focus-indicators-chromium/video.webm]]

[[ATTACHMENT|main-flows-Accessibility-has-proper-focus-indicators-chromium/error-context.md]]
]]>
</system-out>
</testcase>
<testcase name="Performance › dashboard loads within acceptable time" classname="main-flows.spec.ts" time="1.132">
</testcase>
<testcase name="Performance › work order list handles large datasets" classname="main-flows.spec.ts" time="6.676">
<failure message="main-flows.spec.ts:371:3 work order list handles large datasets" type="FAILURE">
<![CDATA[  [chromium] › main-flows.spec.ts:371:3 › Performance › work order list handles large datasets ─────

    Error: Timed out 5000ms waiting for expect(locator).toBeVisible()

    Locator: locator('[data-testid="work-order-list"]')
    Expected: visible
    Received: <element(s) not found>
    Call log:
      - Expect "toBeVisible" with timeout 5000ms
      - waiting for locator('[data-testid="work-order-list"]')


      379 |     // Verify virtual scrolling is working (if implemented)
      380 |     // This would need specific implementation details
    > 381 |     await expect(page.locator('[data-testid="work-order-list"]')).toBeVisible()
          |                                                                   ^
      382 |   })
      383 | })
      384 |
        at /workspaces/MaintainPro-Replit/tests/e2e/main-flows.spec.ts:381:67

    attachment #1: screenshot (image/png) ──────────────────────────────────────────────────────────
    ../../test-results/main-flows-Performance-wor-55672-list-handles-large-datasets-chromium/test-failed-1.png
    ────────────────────────────────────────────────────────────────────────────────────────────────

    attachment #2: video (video/webm) ──────────────────────────────────────────────────────────────
    ../../test-results/main-flows-Performance-wor-55672-list-handles-large-datasets-chromium/video.webm
    ────────────────────────────────────────────────────────────────────────────────────────────────

    Error Context: ../../test-results/main-flows-Performance-wor-55672-list-handles-large-datasets-chromium/error-context.md
]]>
</failure>
<system-out>
<![CDATA[
[[ATTACHMENT|main-flows-Performance-wor-55672-list-handles-large-datasets-chromium/test-failed-1.png]]

[[ATTACHMENT|main-flows-Performance-wor-55672-list-handles-large-datasets-chromium/video.webm]]

[[ATTACHMENT|main-flows-Performance-wor-55672-list-handles-large-datasets-chromium/error-context.md]]
]]>
</system-out>
</testcase>
</testsuite>
<testsuite name="basic.e2e.test.ts" timestamp="2025-07-16T16:23:16.581Z" hostname="firefox" tests="4" failures="0" skipped="1" time="7.182" errors="0">
<testcase name="Basic E2E Tests › should load the homepage" classname="basic.e2e.test.ts" time="0">
<properties>
<property name="skip" value="">
</property>
</properties>
<skipped>
</skipped>
</testcase>
<testcase name="Basic E2E Tests › should verify test framework" classname="basic.e2e.test.ts" time="5.8">
</testcase>
<testcase name="Responsive Design Tests › should work on mobile viewport" classname="basic.e2e.test.ts" time="0.934">
</testcase>
<testcase name="Responsive Design Tests › should work on desktop viewport" classname="basic.e2e.test.ts" time="0.448">
</testcase>
</testsuite>
<testsuite name="main-flows.spec.ts" timestamp="2025-07-16T16:23:16.581Z" hostname="firefox" tests="19" failures="15" skipped="0" time="281.336" errors="0">
<testcase name="Authentication Flow › user can login and logout" classname="main-flows.spec.ts" time="2.501">
</testcase>
<testcase name="Authentication Flow › shows error for invalid credentials" classname="main-flows.spec.ts" time="1.394">
</testcase>
<testcase name="Work Order Management › technician can complete work order flow @smoke" classname="main-flows.spec.ts" time="30.122">
<failure message="main-flows.spec.ts:65:3 technician can complete work order flow @smoke" type="FAILURE">
<![CDATA[  [firefox] › main-flows.spec.ts:65:3 › Work Order Management › technician can complete work order flow @smoke 

    Test timeout of 30000ms exceeded.

    Error: page.click: Test timeout of 30000ms exceeded.
    Call log:
      - waiting for locator('[data-testid="work-order-card"]:first-child')


      69 |     
      70 |     // Select first work order
    > 71 |     await page.click('[data-testid="work-order-card"]:first-child')
         |                ^
      72 |     
      73 |     // Update status to in progress
      74 |     await page.selectOption('[data-testid="status-select"]', 'in_progress')
        at /workspaces/MaintainPro-Replit/tests/e2e/main-flows.spec.ts:71:16

    attachment #1: screenshot (image/png) ──────────────────────────────────────────────────────────
    ../../test-results/main-flows-Work-Order-Mana-de150-plete-work-order-flow-smoke-firefox/test-failed-1.png
    ────────────────────────────────────────────────────────────────────────────────────────────────

    attachment #2: video (video/webm) ──────────────────────────────────────────────────────────────
    ../../test-results/main-flows-Work-Order-Mana-de150-plete-work-order-flow-smoke-firefox/video.webm
    ────────────────────────────────────────────────────────────────────────────────────────────────

    Error Context: ../../test-results/main-flows-Work-Order-Mana-de150-plete-work-order-flow-smoke-firefox/error-context.md
]]>
</failure>
<system-out>
<![CDATA[
[[ATTACHMENT|main-flows-Work-Order-Mana-de150-plete-work-order-flow-smoke-firefox/test-failed-1.png]]

[[ATTACHMENT|main-flows-Work-Order-Mana-de150-plete-work-order-flow-smoke-firefox/video.webm]]

[[ATTACHMENT|main-flows-Work-Order-Mana-de150-plete-work-order-flow-smoke-firefox/error-context.md]]
]]>
</system-out>
</testcase>
<testcase name="Work Order Management › can create new work order" classname="main-flows.spec.ts" time="30.207">
<failure message="main-flows.spec.ts:100:3 can create new work order" type="FAILURE">
<![CDATA[  [firefox] › main-flows.spec.ts:100:3 › Work Order Management › can create new work order ─────────

    Test timeout of 30000ms exceeded.

    Error: page.fill: Test timeout of 30000ms exceeded.
    Call log:
      - waiting for locator('[data-testid="fo-number-input"]')


      105 |     
      106 |     // Fill in work order details
    > 107 |     await page.fill('[data-testid="fo-number-input"]', testWorkOrder.foNumber)
          |                ^
      108 |     await page.fill('[data-testid="description-input"]', testWorkOrder.description)
      109 |     await page.selectOption('[data-testid="priority-select"]', testWorkOrder.priority)
      110 |     
        at /workspaces/MaintainPro-Replit/tests/e2e/main-flows.spec.ts:107:16

    attachment #1: screenshot (image/png) ──────────────────────────────────────────────────────────
    ../../test-results/main-flows-Work-Order-Management-can-create-new-work-order-firefox/test-failed-1.png
    ────────────────────────────────────────────────────────────────────────────────────────────────

    attachment #2: video (video/webm) ──────────────────────────────────────────────────────────────
    ../../test-results/main-flows-Work-Order-Management-can-create-new-work-order-firefox/video.webm
    ────────────────────────────────────────────────────────────────────────────────────────────────

    Error Context: ../../test-results/main-flows-Work-Order-Management-can-create-new-work-order-firefox/error-context.md
]]>
</failure>
<system-out>
<![CDATA[
[[ATTACHMENT|main-flows-Work-Order-Management-can-create-new-work-order-firefox/test-failed-1.png]]

[[ATTACHMENT|main-flows-Work-Order-Management-can-create-new-work-order-firefox/video.webm]]

[[ATTACHMENT|main-flows-Work-Order-Management-can-create-new-work-order-firefox/error-context.md]]
]]>
</system-out>
</testcase>
<testcase name="Work Order Management › can filter work orders" classname="main-flows.spec.ts" time="30.16">
<failure message="main-flows.spec.ts:123:3 can filter work orders" type="FAILURE">
<![CDATA[  [firefox] › main-flows.spec.ts:123:3 › Work Order Management › can filter work orders ────────────

    Test timeout of 30000ms exceeded.

    Error: page.selectOption: Test timeout of 30000ms exceeded.
    Call log:
      - waiting for locator('[data-testid="status-filter"]')


      125 |     
      126 |     // Filter by status
    > 127 |     await page.selectOption('[data-testid="status-filter"]', 'new')
          |                ^
      128 |     
      129 |     // Verify filtering
      130 |     const workOrderCards = page.locator('[data-testid="work-order-card"]')
        at /workspaces/MaintainPro-Replit/tests/e2e/main-flows.spec.ts:127:16

    attachment #1: screenshot (image/png) ──────────────────────────────────────────────────────────
    ../../test-results/main-flows-Work-Order-Management-can-filter-work-orders-firefox/test-failed-1.png
    ────────────────────────────────────────────────────────────────────────────────────────────────

    attachment #2: video (video/webm) ──────────────────────────────────────────────────────────────
    ../../test-results/main-flows-Work-Order-Management-can-filter-work-orders-firefox/video.webm
    ────────────────────────────────────────────────────────────────────────────────────────────────

    Error Context: ../../test-results/main-flows-Work-Order-Management-can-filter-work-orders-firefox/error-context.md
]]>
</failure>
<system-out>
<![CDATA[
[[ATTACHMENT|main-flows-Work-Order-Management-can-filter-work-orders-firefox/test-failed-1.png]]

[[ATTACHMENT|main-flows-Work-Order-Management-can-filter-work-orders-firefox/video.webm]]

[[ATTACHMENT|main-flows-Work-Order-Management-can-filter-work-orders-firefox/error-context.md]]
]]>
</system-out>
</testcase>
<testcase name="Work Order Management › can search work orders" classname="main-flows.spec.ts" time="30.123">
<failure message="main-flows.spec.ts:141:3 can search work orders" type="FAILURE">
<![CDATA[  [firefox] › main-flows.spec.ts:141:3 › Work Order Management › can search work orders ────────────

    Test timeout of 30000ms exceeded.

    Error: page.fill: Test timeout of 30000ms exceeded.
    Call log:
      - waiting for locator('[data-testid="search-input"]')


      143 |     
      144 |     // Search for specific work order
    > 145 |     await page.fill('[data-testid="search-input"]', 'WO-001')
          |                ^
      146 |     
      147 |     // Verify search results
      148 |     await expect(page.locator('[data-testid="work-order-card"]')).toHaveCount(1)
        at /workspaces/MaintainPro-Replit/tests/e2e/main-flows.spec.ts:145:16

    attachment #1: screenshot (image/png) ──────────────────────────────────────────────────────────
    ../../test-results/main-flows-Work-Order-Management-can-search-work-orders-firefox/test-failed-1.png
    ────────────────────────────────────────────────────────────────────────────────────────────────

    attachment #2: video (video/webm) ──────────────────────────────────────────────────────────────
    ../../test-results/main-flows-Work-Order-Management-can-search-work-orders-firefox/video.webm
    ────────────────────────────────────────────────────────────────────────────────────────────────

    Error Context: ../../test-results/main-flows-Work-Order-Management-can-search-work-orders-firefox/error-context.md
]]>
</failure>
<system-out>
<![CDATA[
[[ATTACHMENT|main-flows-Work-Order-Management-can-search-work-orders-firefox/test-failed-1.png]]

[[ATTACHMENT|main-flows-Work-Order-Management-can-search-work-orders-firefox/video.webm]]

[[ATTACHMENT|main-flows-Work-Order-Management-can-search-work-orders-firefox/error-context.md]]
]]>
</system-out>
</testcase>
<testcase name="Equipment Management › can view equipment list" classname="main-flows.spec.ts" time="7.801">
<failure message="main-flows.spec.ts:163:3 can view equipment list" type="FAILURE">
<![CDATA[  [firefox] › main-flows.spec.ts:163:3 › Equipment Management › can view equipment list ────────────

    Error: Timed out 5000ms waiting for expect(page).toHaveURL(expected)

    Expected string: "http://localhost:8080/dashboard"
    Received string: "http://localhost:8080/login"
    Call log:
      - Expect "toHaveURL" with timeout 5000ms
        9 × unexpected value "http://localhost:8080/login"


      158 |     await page.fill('[data-testid="password-input"]', 'password')
      159 |     await page.click('[data-testid="login-button"]')
    > 160 |     await expect(page).toHaveURL('/dashboard')
          |                        ^
      161 |   })
      162 |
      163 |   test('can view equipment list', async ({ page }) => {
        at /workspaces/MaintainPro-Replit/tests/e2e/main-flows.spec.ts:160:24

    attachment #1: screenshot (image/png) ──────────────────────────────────────────────────────────
    ../../test-results/main-flows-Equipment-Management-can-view-equipment-list-firefox/test-failed-1.png
    ────────────────────────────────────────────────────────────────────────────────────────────────

    attachment #2: video (video/webm) ──────────────────────────────────────────────────────────────
    ../../test-results/main-flows-Equipment-Management-can-view-equipment-list-firefox/video.webm
    ────────────────────────────────────────────────────────────────────────────────────────────────

    Error Context: ../../test-results/main-flows-Equipment-Management-can-view-equipment-list-firefox/error-context.md
]]>
</failure>
<system-out>
<![CDATA[
[[ATTACHMENT|main-flows-Equipment-Management-can-view-equipment-list-firefox/test-failed-1.png]]

[[ATTACHMENT|main-flows-Equipment-Management-can-view-equipment-list-firefox/video.webm]]

[[ATTACHMENT|main-flows-Equipment-Management-can-view-equipment-list-firefox/error-context.md]]
]]>
</system-out>
</testcase>
<testcase name="Equipment Management › can create new equipment" classname="main-flows.spec.ts" time="7.907">
<failure message="main-flows.spec.ts:172:3 can create new equipment" type="FAILURE">
<![CDATA[  [firefox] › main-flows.spec.ts:172:3 › Equipment Management › can create new equipment ───────────

    Error: Timed out 5000ms waiting for expect(page).toHaveURL(expected)

    Expected string: "http://localhost:8080/dashboard"
    Received string: "http://localhost:8080/login"
    Call log:
      - Expect "toHaveURL" with timeout 5000ms
        9 × unexpected value "http://localhost:8080/login"


      158 |     await page.fill('[data-testid="password-input"]', 'password')
      159 |     await page.click('[data-testid="login-button"]')
    > 160 |     await expect(page).toHaveURL('/dashboard')
          |                        ^
      161 |   })
      162 |
      163 |   test('can view equipment list', async ({ page }) => {
        at /workspaces/MaintainPro-Replit/tests/e2e/main-flows.spec.ts:160:24

    attachment #1: screenshot (image/png) ──────────────────────────────────────────────────────────
    ../../test-results/main-flows-Equipment-Management-can-create-new-equipment-firefox/test-failed-1.png
    ────────────────────────────────────────────────────────────────────────────────────────────────

    attachment #2: video (video/webm) ──────────────────────────────────────────────────────────────
    ../../test-results/main-flows-Equipment-Management-can-create-new-equipment-firefox/video.webm
    ────────────────────────────────────────────────────────────────────────────────────────────────

    Error Context: ../../test-results/main-flows-Equipment-Management-can-create-new-equipment-firefox/error-context.md
]]>
</failure>
<system-out>
<![CDATA[
[[ATTACHMENT|main-flows-Equipment-Management-can-create-new-equipment-firefox/test-failed-1.png]]

[[ATTACHMENT|main-flows-Equipment-Management-can-create-new-equipment-firefox/video.webm]]

[[ATTACHMENT|main-flows-Equipment-Management-can-create-new-equipment-firefox/error-context.md]]
]]>
</system-out>
</testcase>
<testcase name="Equipment Management › can scan QR code for equipment" classname="main-flows.spec.ts" time="7.848">
<failure message="main-flows.spec.ts:192:3 can scan QR code for equipment" type="FAILURE">
<![CDATA[  [firefox] › main-flows.spec.ts:192:3 › Equipment Management › can scan QR code for equipment ─────

    Error: Timed out 5000ms waiting for expect(page).toHaveURL(expected)

    Expected string: "http://localhost:8080/dashboard"
    Received string: "http://localhost:8080/login"
    Call log:
      - Expect "toHaveURL" with timeout 5000ms
        9 × unexpected value "http://localhost:8080/login"


      158 |     await page.fill('[data-testid="password-input"]', 'password')
      159 |     await page.click('[data-testid="login-button"]')
    > 160 |     await expect(page).toHaveURL('/dashboard')
          |                        ^
      161 |   })
      162 |
      163 |   test('can view equipment list', async ({ page }) => {
        at /workspaces/MaintainPro-Replit/tests/e2e/main-flows.spec.ts:160:24

    attachment #1: screenshot (image/png) ──────────────────────────────────────────────────────────
    ../../test-results/main-flows-Equipment-Manag-2d8ab--scan-QR-code-for-equipment-firefox/test-failed-1.png
    ────────────────────────────────────────────────────────────────────────────────────────────────

    attachment #2: video (video/webm) ──────────────────────────────────────────────────────────────
    ../../test-results/main-flows-Equipment-Manag-2d8ab--scan-QR-code-for-equipment-firefox/video.webm
    ────────────────────────────────────────────────────────────────────────────────────────────────

    Error Context: ../../test-results/main-flows-Equipment-Manag-2d8ab--scan-QR-code-for-equipment-firefox/error-context.md
]]>
</failure>
<system-out>
<![CDATA[
[[ATTACHMENT|main-flows-Equipment-Manag-2d8ab--scan-QR-code-for-equipment-firefox/test-failed-1.png]]

[[ATTACHMENT|main-flows-Equipment-Manag-2d8ab--scan-QR-code-for-equipment-firefox/video.webm]]

[[ATTACHMENT|main-flows-Equipment-Manag-2d8ab--scan-QR-code-for-equipment-firefox/error-context.md]]
]]>
</system-out>
</testcase>
<testcase name="Dashboard and Analytics › displays dashboard metrics" classname="main-flows.spec.ts" time="7.646">
<failure message="main-flows.spec.ts:218:3 displays dashboard metrics" type="FAILURE">
<![CDATA[  [firefox] › main-flows.spec.ts:218:3 › Dashboard and Analytics › displays dashboard metrics ──────

    Error: Timed out 5000ms waiting for expect(page).toHaveURL(expected)

    Expected string: "http://localhost:8080/dashboard"
    Received string: "http://localhost:8080/login"
    Call log:
      - Expect "toHaveURL" with timeout 5000ms
        9 × unexpected value "http://localhost:8080/login"


      213 |     await page.fill('[data-testid="password-input"]', 'password')
      214 |     await page.click('[data-testid="login-button"]')
    > 215 |     await expect(page).toHaveURL('/dashboard')
          |                        ^
      216 |   })
      217 |
      218 |   test('displays dashboard metrics', async ({ page }) => {
        at /workspaces/MaintainPro-Replit/tests/e2e/main-flows.spec.ts:215:24

    attachment #1: screenshot (image/png) ──────────────────────────────────────────────────────────
    ../../test-results/main-flows-Dashboard-and-A-2ddcc--displays-dashboard-metrics-firefox/test-failed-1.png
    ────────────────────────────────────────────────────────────────────────────────────────────────

    attachment #2: video (video/webm) ──────────────────────────────────────────────────────────────
    ../../test-results/main-flows-Dashboard-and-A-2ddcc--displays-dashboard-metrics-firefox/video.webm
    ────────────────────────────────────────────────────────────────────────────────────────────────

    Error Context: ../../test-results/main-flows-Dashboard-and-A-2ddcc--displays-dashboard-metrics-firefox/error-context.md
]]>
</failure>
<system-out>
<![CDATA[
[[ATTACHMENT|main-flows-Dashboard-and-A-2ddcc--displays-dashboard-metrics-firefox/test-failed-1.png]]

[[ATTACHMENT|main-flows-Dashboard-and-A-2ddcc--displays-dashboard-metrics-firefox/video.webm]]

[[ATTACHMENT|main-flows-Dashboard-and-A-2ddcc--displays-dashboard-metrics-firefox/error-context.md]]
]]>
</system-out>
</testcase>
<testcase name="Dashboard and Analytics › can filter dashboard by date range" classname="main-flows.spec.ts" time="7.784">
<failure message="main-flows.spec.ts:230:3 can filter dashboard by date range" type="FAILURE">
<![CDATA[  [firefox] › main-flows.spec.ts:230:3 › Dashboard and Analytics › can filter dashboard by date range 

    Error: Timed out 5000ms waiting for expect(page).toHaveURL(expected)

    Expected string: "http://localhost:8080/dashboard"
    Received string: "http://localhost:8080/login"
    Call log:
      - Expect "toHaveURL" with timeout 5000ms
        9 × unexpected value "http://localhost:8080/login"


      213 |     await page.fill('[data-testid="password-input"]', 'password')
      214 |     await page.click('[data-testid="login-button"]')
    > 215 |     await expect(page).toHaveURL('/dashboard')
          |                        ^
      216 |   })
      217 |
      218 |   test('displays dashboard metrics', async ({ page }) => {
        at /workspaces/MaintainPro-Replit/tests/e2e/main-flows.spec.ts:215:24

    attachment #1: screenshot (image/png) ──────────────────────────────────────────────────────────
    ../../test-results/main-flows-Dashboard-and-A-34429-ter-dashboard-by-date-range-firefox/test-failed-1.png
    ────────────────────────────────────────────────────────────────────────────────────────────────

    attachment #2: video (video/webm) ──────────────────────────────────────────────────────────────
    ../../test-results/main-flows-Dashboard-and-A-34429-ter-dashboard-by-date-range-firefox/video.webm
    ────────────────────────────────────────────────────────────────────────────────────────────────

    Error Context: ../../test-results/main-flows-Dashboard-and-A-34429-ter-dashboard-by-date-range-firefox/error-context.md
]]>
</failure>
<system-out>
<![CDATA[
[[ATTACHMENT|main-flows-Dashboard-and-A-34429-ter-dashboard-by-date-range-firefox/test-failed-1.png]]

[[ATTACHMENT|main-flows-Dashboard-and-A-34429-ter-dashboard-by-date-range-firefox/video.webm]]

[[ATTACHMENT|main-flows-Dashboard-and-A-34429-ter-dashboard-by-date-range-firefox/error-context.md]]
]]>
</system-out>
</testcase>
<testcase name="Mobile Responsiveness › mobile navigation works correctly" classname="main-flows.spec.ts" time="30.173">
<failure message="main-flows.spec.ts:249:3 mobile navigation works correctly" type="FAILURE">
<![CDATA[  [firefox] › main-flows.spec.ts:249:3 › Mobile Responsiveness › mobile navigation works correctly ─

    Test timeout of 30000ms exceeded.

    Error: page.click: Test timeout of 30000ms exceeded.
    Call log:
      - waiting for locator('[data-testid="mobile-menu-button"]')


      254 |     
      255 |     // Open mobile menu
    > 256 |     await page.click('[data-testid="mobile-menu-button"]')
          |                ^
      257 |     
      258 |     // Verify menu items are visible
      259 |     await expect(page.locator('[data-testid="mobile-nav-dashboard"]')).toBeVisible()
        at /workspaces/MaintainPro-Replit/tests/e2e/main-flows.spec.ts:256:16

    attachment #1: screenshot (image/png) ──────────────────────────────────────────────────────────
    ../../test-results/main-flows-Mobile-Responsi-5632e--navigation-works-correctly-firefox/test-failed-1.png
    ────────────────────────────────────────────────────────────────────────────────────────────────

    attachment #2: video (video/webm) ──────────────────────────────────────────────────────────────
    ../../test-results/main-flows-Mobile-Responsi-5632e--navigation-works-correctly-firefox/video.webm
    ────────────────────────────────────────────────────────────────────────────────────────────────

    Error Context: ../../test-results/main-flows-Mobile-Responsi-5632e--navigation-works-correctly-firefox/error-context.md
]]>
</failure>
<system-out>
<![CDATA[
[[ATTACHMENT|main-flows-Mobile-Responsi-5632e--navigation-works-correctly-firefox/test-failed-1.png]]

[[ATTACHMENT|main-flows-Mobile-Responsi-5632e--navigation-works-correctly-firefox/video.webm]]

[[ATTACHMENT|main-flows-Mobile-Responsi-5632e--navigation-works-correctly-firefox/error-context.md]]
]]>
</system-out>
</testcase>
<testcase name="Mobile Responsiveness › work order cards are touch-friendly" classname="main-flows.spec.ts" time="30.148">
<failure message="main-flows.spec.ts:268:3 work order cards are touch-friendly" type="FAILURE">
<![CDATA[  [firefox] › main-flows.spec.ts:268:3 › Mobile Responsiveness › work order cards are touch-friendly 

    Test timeout of 30000ms exceeded.

    Error: locator.boundingBox: Test timeout of 30000ms exceeded.
    Call log:
      - waiting for locator('[data-testid="work-order-card"]').first()


      276 |     // Verify work order cards are adequately sized for touch
      277 |     const workOrderCard = page.locator('[data-testid="work-order-card"]').first()
    > 278 |     const boundingBox = await workOrderCard.boundingBox()
          |                                             ^
      279 |     
      280 |     // Minimum touch target size should be 44px (WCAG recommendation)
      281 |     expect(boundingBox!.height).toBeGreaterThan(44)
        at /workspaces/MaintainPro-Replit/tests/e2e/main-flows.spec.ts:278:45

    attachment #1: screenshot (image/png) ──────────────────────────────────────────────────────────
    ../../test-results/main-flows-Mobile-Responsi-52d7b-er-cards-are-touch-friendly-firefox/test-failed-1.png
    ────────────────────────────────────────────────────────────────────────────────────────────────

    attachment #2: video (video/webm) ──────────────────────────────────────────────────────────────
    ../../test-results/main-flows-Mobile-Responsi-52d7b-er-cards-are-touch-friendly-firefox/video.webm
    ────────────────────────────────────────────────────────────────────────────────────────────────

    Error Context: ../../test-results/main-flows-Mobile-Responsi-52d7b-er-cards-are-touch-friendly-firefox/error-context.md
]]>
</failure>
<system-out>
<![CDATA[
[[ATTACHMENT|main-flows-Mobile-Responsi-52d7b-er-cards-are-touch-friendly-firefox/test-failed-1.png]]

[[ATTACHMENT|main-flows-Mobile-Responsi-52d7b-er-cards-are-touch-friendly-firefox/video.webm]]

[[ATTACHMENT|main-flows-Mobile-Responsi-52d7b-er-cards-are-touch-friendly-firefox/error-context.md]]
]]>
</system-out>
</testcase>
<testcase name="Offline Functionality › shows offline indicator when network is unavailable" classname="main-flows.spec.ts" time="8.049">
<failure message="main-flows.spec.ts:286:3 shows offline indicator when network is unavailable" type="FAILURE">
<![CDATA[  [firefox] › main-flows.spec.ts:286:3 › Offline Functionality › shows offline indicator when network is unavailable 

    Error: Timed out 5000ms waiting for expect(locator).toBeVisible()

    Locator: locator('[data-testid="offline-indicator"]')
    Expected: visible
    Received: <element(s) not found>
    Call log:
      - Expect "toBeVisible" with timeout 5000ms
      - waiting for locator('[data-testid="offline-indicator"]')


      294 |     
      295 |     // Verify offline indicator appears
    > 296 |     await expect(page.locator('[data-testid="offline-indicator"]')).toBeVisible()
          |                                                                     ^
      297 |     await expect(page.locator('[data-testid="offline-indicator"]')).toContainText('Offline')
      298 |   })
      299 |
        at /workspaces/MaintainPro-Replit/tests/e2e/main-flows.spec.ts:296:69

    attachment #1: screenshot (image/png) ──────────────────────────────────────────────────────────
    ../../test-results/main-flows-Offline-Functio-20812-when-network-is-unavailable-firefox/test-failed-1.png
    ────────────────────────────────────────────────────────────────────────────────────────────────

    attachment #2: video (video/webm) ──────────────────────────────────────────────────────────────
    ../../test-results/main-flows-Offline-Functio-20812-when-network-is-unavailable-firefox/video.webm
    ────────────────────────────────────────────────────────────────────────────────────────────────

    Error Context: ../../test-results/main-flows-Offline-Functio-20812-when-network-is-unavailable-firefox/error-context.md
]]>
</failure>
<system-out>
<![CDATA[
[[ATTACHMENT|main-flows-Offline-Functio-20812-when-network-is-unavailable-firefox/test-failed-1.png]]

[[ATTACHMENT|main-flows-Offline-Functio-20812-when-network-is-unavailable-firefox/video.webm]]

[[ATTACHMENT|main-flows-Offline-Functio-20812-when-network-is-unavailable-firefox/error-context.md]]
]]>
</system-out>
</testcase>
<testcase name="Offline Functionality › can complete work orders offline" classname="main-flows.spec.ts" time="30.136">
<failure message="main-flows.spec.ts:300:3 can complete work orders offline" type="FAILURE">
<![CDATA[  [firefox] › main-flows.spec.ts:300:3 › Offline Functionality › can complete work orders offline ──

    Test timeout of 30000ms exceeded.

    Error: page.click: Test timeout of 30000ms exceeded.
    Call log:
      - waiting for locator('[data-testid="work-order-card"]')


      310 |     
      311 |     // Complete work order
    > 312 |     await page.click('[data-testid="work-order-card"]')
          |                ^
      313 |     await page.selectOption('[data-testid="status-select"]', 'completed')
      314 |     await page.click('[data-testid="complete-button"]')
      315 |     
        at /workspaces/MaintainPro-Replit/tests/e2e/main-flows.spec.ts:312:16

    attachment #1: screenshot (image/png) ──────────────────────────────────────────────────────────
    ../../test-results/main-flows-Offline-Functio-6eeb0-omplete-work-orders-offline-firefox/test-failed-1.png
    ────────────────────────────────────────────────────────────────────────────────────────────────

    attachment #2: video (video/webm) ──────────────────────────────────────────────────────────────
    ../../test-results/main-flows-Offline-Functio-6eeb0-omplete-work-orders-offline-firefox/video.webm
    ────────────────────────────────────────────────────────────────────────────────────────────────

    Error Context: ../../test-results/main-flows-Offline-Functio-6eeb0-omplete-work-orders-offline-firefox/error-context.md
]]>
</failure>
<system-out>
<![CDATA[
[[ATTACHMENT|main-flows-Offline-Functio-6eeb0-omplete-work-orders-offline-firefox/test-failed-1.png]]

[[ATTACHMENT|main-flows-Offline-Functio-6eeb0-omplete-work-orders-offline-firefox/video.webm]]

[[ATTACHMENT|main-flows-Offline-Functio-6eeb0-omplete-work-orders-offline-firefox/error-context.md]]
]]>
</system-out>
</testcase>
<testcase name="Accessibility › supports keyboard navigation" classname="main-flows.spec.ts" time="7.684">
<failure message="main-flows.spec.ts:329:3 supports keyboard navigation" type="FAILURE">
<![CDATA[  [firefox] › main-flows.spec.ts:329:3 › Accessibility › supports keyboard navigation ──────────────

    Error: Timed out 5000ms waiting for expect(locator).toBeFocused()

    Locator: locator('[data-testid="email-input"]')
    Expected: focused
    Received: inactive
    Call log:
      - Expect "toBeFocused" with timeout 5000ms
      - waiting for locator('[data-testid="email-input"]')
        8 × locator resolved to <input value="" id="email" required="" type="email" data-testid="email-input" placeholder="Enter your email" class="flex h-10 w-full rounded-md border border-input bg-background px-3 py-2 text-base ring-offset-background file:border-0 file:bg-transparent file:text-sm file:font-medium file:text-foreground placeholder:text-muted-foreground focus-visible:outline-none focus-visible:ring-2 focus-visible:ring-ring focus-visible:ring-offset-2 disabled:cursor-not-allowed disabled:opacity-50 md:text-sm mt-1"/>
          - unexpected value "inactive"


      332 |     // Tab through form elements
      333 |     await page.keyboard.press('Tab')
    > 334 |     await expect(page.locator('[data-testid="email-input"]')).toBeFocused()
          |                                                               ^
      335 |     
      336 |     await page.keyboard.press('Tab')
      337 |     await expect(page.locator('[data-testid="password-input"]')).toBeFocused()
        at /workspaces/MaintainPro-Replit/tests/e2e/main-flows.spec.ts:334:63

    attachment #1: screenshot (image/png) ──────────────────────────────────────────────────────────
    ../../test-results/main-flows-Accessibility-supports-keyboard-navigation-firefox/test-failed-1.png
    ────────────────────────────────────────────────────────────────────────────────────────────────

    attachment #2: video (video/webm) ──────────────────────────────────────────────────────────────
    ../../test-results/main-flows-Accessibility-supports-keyboard-navigation-firefox/video.webm
    ────────────────────────────────────────────────────────────────────────────────────────────────

    Error Context: ../../test-results/main-flows-Accessibility-supports-keyboard-navigation-firefox/error-context.md
]]>
</failure>
<system-out>
<![CDATA[
[[ATTACHMENT|main-flows-Accessibility-supports-keyboard-navigation-firefox/test-failed-1.png]]

[[ATTACHMENT|main-flows-Accessibility-supports-keyboard-navigation-firefox/video.webm]]

[[ATTACHMENT|main-flows-Accessibility-supports-keyboard-navigation-firefox/error-context.md]]
]]>
</system-out>
</testcase>
<testcase name="Accessibility › has proper focus indicators" classname="main-flows.spec.ts" time="2.475">
</testcase>
<testcase name="Performance › dashboard loads within acceptable time" classname="main-flows.spec.ts" time="1.909">
</testcase>
<testcase name="Performance › work order list handles large datasets" classname="main-flows.spec.ts" time="7.269">
<failure message="main-flows.spec.ts:371:3 work order list handles large datasets" type="FAILURE">
<![CDATA[  [firefox] › main-flows.spec.ts:371:3 › Performance › work order list handles large datasets ──────

    Error: Timed out 5000ms waiting for expect(locator).toBeVisible()

    Locator: locator('[data-testid="work-order-list"]')
    Expected: visible
    Received: <element(s) not found>
    Call log:
      - Expect "toBeVisible" with timeout 5000ms
      - waiting for locator('[data-testid="work-order-list"]')


      379 |     // Verify virtual scrolling is working (if implemented)
      380 |     // This would need specific implementation details
    > 381 |     await expect(page.locator('[data-testid="work-order-list"]')).toBeVisible()
          |                                                                   ^
      382 |   })
      383 | })
      384 |
        at /workspaces/MaintainPro-Replit/tests/e2e/main-flows.spec.ts:381:67

    attachment #1: screenshot (image/png) ──────────────────────────────────────────────────────────
    ../../test-results/main-flows-Performance-wor-55672-list-handles-large-datasets-firefox/test-failed-1.png
    ────────────────────────────────────────────────────────────────────────────────────────────────

    attachment #2: video (video/webm) ──────────────────────────────────────────────────────────────
    ../../test-results/main-flows-Performance-wor-55672-list-handles-large-datasets-firefox/video.webm
    ────────────────────────────────────────────────────────────────────────────────────────────────

    Error Context: ../../test-results/main-flows-Performance-wor-55672-list-handles-large-datasets-firefox/error-context.md
]]>
</failure>
<system-out>
<![CDATA[
[[ATTACHMENT|main-flows-Performance-wor-55672-list-handles-large-datasets-firefox/test-failed-1.png]]

[[ATTACHMENT|main-flows-Performance-wor-55672-list-handles-large-datasets-firefox/video.webm]]

[[ATTACHMENT|main-flows-Performance-wor-55672-list-handles-large-datasets-firefox/error-context.md]]
]]>
</system-out>
</testcase>
</testsuite>
<testsuite name="basic.e2e.test.ts" timestamp="2025-07-16T16:23:16.581Z" hostname="webkit" tests="4" failures="0" skipped="1" time="7.106" errors="0">
<testcase name="Basic E2E Tests › should load the homepage" classname="basic.e2e.test.ts" time="0">
<properties>
<property name="skip" value="">
</property>
</properties>
<skipped>
</skipped>
</testcase>
<testcase name="Basic E2E Tests › should verify test framework" classname="basic.e2e.test.ts" time="5.447">
</testcase>
<testcase name="Responsive Design Tests › should work on mobile viewport" classname="basic.e2e.test.ts" time="0.677">
</testcase>
<testcase name="Responsive Design Tests › should work on desktop viewport" classname="basic.e2e.test.ts" time="0.982">
</testcase>
</testsuite>
<testsuite name="main-flows.spec.ts" timestamp="2025-07-16T16:23:16.581Z" hostname="webkit" tests="19" failures="16" skipped="0" time="290.576" errors="0">
<testcase name="Authentication Flow › user can login and logout" classname="main-flows.spec.ts" time="4.208">
</testcase>
<testcase name="Authentication Flow › shows error for invalid credentials" classname="main-flows.spec.ts" time="1.679">
</testcase>
<testcase name="Work Order Management › technician can complete work order flow @smoke" classname="main-flows.spec.ts" time="31.434">
<failure message="main-flows.spec.ts:65:3 technician can complete work order flow @smoke" type="FAILURE">
<![CDATA[  [webkit] › main-flows.spec.ts:65:3 › Work Order Management › technician can complete work order flow @smoke 

    Test timeout of 30000ms exceeded.

    Error: page.click: Test timeout of 30000ms exceeded.
    Call log:
      - waiting for locator('[data-testid="work-order-card"]:first-child')


      69 |     
      70 |     // Select first work order
    > 71 |     await page.click('[data-testid="work-order-card"]:first-child')
         |                ^
      72 |     
      73 |     // Update status to in progress
      74 |     await page.selectOption('[data-testid="status-select"]', 'in_progress')
        at /workspaces/MaintainPro-Replit/tests/e2e/main-flows.spec.ts:71:16

    attachment #1: screenshot (image/png) ──────────────────────────────────────────────────────────
    ../../test-results/main-flows-Work-Order-Mana-de150-plete-work-order-flow-smoke-webkit/test-failed-1.png
    ────────────────────────────────────────────────────────────────────────────────────────────────

    attachment #2: video (video/webm) ──────────────────────────────────────────────────────────────
    ../../test-results/main-flows-Work-Order-Mana-de150-plete-work-order-flow-smoke-webkit/video.webm
    ────────────────────────────────────────────────────────────────────────────────────────────────

    Error Context: ../../test-results/main-flows-Work-Order-Mana-de150-plete-work-order-flow-smoke-webkit/error-context.md
]]>
</failure>
<system-out>
<![CDATA[
[[ATTACHMENT|main-flows-Work-Order-Mana-de150-plete-work-order-flow-smoke-webkit/test-failed-1.png]]

[[ATTACHMENT|main-flows-Work-Order-Mana-de150-plete-work-order-flow-smoke-webkit/video.webm]]

[[ATTACHMENT|main-flows-Work-Order-Mana-de150-plete-work-order-flow-smoke-webkit/error-context.md]]
]]>
</system-out>
</testcase>
<testcase name="Work Order Management › can create new work order" classname="main-flows.spec.ts" time="31.616">
<failure message="main-flows.spec.ts:100:3 can create new work order" type="FAILURE">
<![CDATA[  [webkit] › main-flows.spec.ts:100:3 › Work Order Management › can create new work order ──────────

    Test timeout of 30000ms exceeded.

    Error: page.fill: Test timeout of 30000ms exceeded.
    Call log:
      - waiting for locator('[data-testid="fo-number-input"]')


      105 |     
      106 |     // Fill in work order details
    > 107 |     await page.fill('[data-testid="fo-number-input"]', testWorkOrder.foNumber)
          |                ^
      108 |     await page.fill('[data-testid="description-input"]', testWorkOrder.description)
      109 |     await page.selectOption('[data-testid="priority-select"]', testWorkOrder.priority)
      110 |     
        at /workspaces/MaintainPro-Replit/tests/e2e/main-flows.spec.ts:107:16

    attachment #1: screenshot (image/png) ──────────────────────────────────────────────────────────
    ../../test-results/main-flows-Work-Order-Management-can-create-new-work-order-webkit/test-failed-1.png
    ────────────────────────────────────────────────────────────────────────────────────────────────

    attachment #2: video (video/webm) ──────────────────────────────────────────────────────────────
    ../../test-results/main-flows-Work-Order-Management-can-create-new-work-order-webkit/video.webm
    ────────────────────────────────────────────────────────────────────────────────────────────────

    Error Context: ../../test-results/main-flows-Work-Order-Management-can-create-new-work-order-webkit/error-context.md
]]>
</failure>
<system-out>
<![CDATA[
[[ATTACHMENT|main-flows-Work-Order-Management-can-create-new-work-order-webkit/test-failed-1.png]]

[[ATTACHMENT|main-flows-Work-Order-Management-can-create-new-work-order-webkit/video.webm]]

[[ATTACHMENT|main-flows-Work-Order-Management-can-create-new-work-order-webkit/error-context.md]]
]]>
</system-out>
</testcase>
<testcase name="Work Order Management › can filter work orders" classname="main-flows.spec.ts" time="31.511">
<failure message="main-flows.spec.ts:123:3 can filter work orders" type="FAILURE">
<![CDATA[  [webkit] › main-flows.spec.ts:123:3 › Work Order Management › can filter work orders ─────────────

    Test timeout of 30000ms exceeded.

    Error: page.selectOption: Test timeout of 30000ms exceeded.
    Call log:
      - waiting for locator('[data-testid="status-filter"]')


      125 |     
      126 |     // Filter by status
    > 127 |     await page.selectOption('[data-testid="status-filter"]', 'new')
          |                ^
      128 |     
      129 |     // Verify filtering
      130 |     const workOrderCards = page.locator('[data-testid="work-order-card"]')
        at /workspaces/MaintainPro-Replit/tests/e2e/main-flows.spec.ts:127:16

    attachment #1: screenshot (image/png) ──────────────────────────────────────────────────────────
    ../../test-results/main-flows-Work-Order-Management-can-filter-work-orders-webkit/test-failed-1.png
    ────────────────────────────────────────────────────────────────────────────────────────────────

    attachment #2: video (video/webm) ──────────────────────────────────────────────────────────────
    ../../test-results/main-flows-Work-Order-Management-can-filter-work-orders-webkit/video.webm
    ────────────────────────────────────────────────────────────────────────────────────────────────

    Error Context: ../../test-results/main-flows-Work-Order-Management-can-filter-work-orders-webkit/error-context.md
]]>
</failure>
<system-out>
<![CDATA[
[[ATTACHMENT|main-flows-Work-Order-Management-can-filter-work-orders-webkit/test-failed-1.png]]

[[ATTACHMENT|main-flows-Work-Order-Management-can-filter-work-orders-webkit/video.webm]]

[[ATTACHMENT|main-flows-Work-Order-Management-can-filter-work-orders-webkit/error-context.md]]
]]>
</system-out>
</testcase>
<testcase name="Work Order Management › can search work orders" classname="main-flows.spec.ts" time="31.451">
<failure message="main-flows.spec.ts:141:3 can search work orders" type="FAILURE">
<![CDATA[  [webkit] › main-flows.spec.ts:141:3 › Work Order Management › can search work orders ─────────────

    Test timeout of 30000ms exceeded.

    Error: page.fill: Test timeout of 30000ms exceeded.
    Call log:
      - waiting for locator('[data-testid="search-input"]')


      143 |     
      144 |     // Search for specific work order
    > 145 |     await page.fill('[data-testid="search-input"]', 'WO-001')
          |                ^
      146 |     
      147 |     // Verify search results
      148 |     await expect(page.locator('[data-testid="work-order-card"]')).toHaveCount(1)
        at /workspaces/MaintainPro-Replit/tests/e2e/main-flows.spec.ts:145:16

    attachment #1: screenshot (image/png) ──────────────────────────────────────────────────────────
    ../../test-results/main-flows-Work-Order-Management-can-search-work-orders-webkit/test-failed-1.png
    ────────────────────────────────────────────────────────────────────────────────────────────────

    attachment #2: video (video/webm) ──────────────────────────────────────────────────────────────
    ../../test-results/main-flows-Work-Order-Management-can-search-work-orders-webkit/video.webm
    ────────────────────────────────────────────────────────────────────────────────────────────────

    Error Context: ../../test-results/main-flows-Work-Order-Management-can-search-work-orders-webkit/error-context.md
]]>
</failure>
<system-out>
<![CDATA[
[[ATTACHMENT|main-flows-Work-Order-Management-can-search-work-orders-webkit/test-failed-1.png]]

[[ATTACHMENT|main-flows-Work-Order-Management-can-search-work-orders-webkit/video.webm]]

[[ATTACHMENT|main-flows-Work-Order-Management-can-search-work-orders-webkit/error-context.md]]
]]>
</system-out>
</testcase>
<testcase name="Equipment Management › can view equipment list" classname="main-flows.spec.ts" time="6.99">
<failure message="main-flows.spec.ts:163:3 can view equipment list" type="FAILURE">
<![CDATA[  [webkit] › main-flows.spec.ts:163:3 › Equipment Management › can view equipment list ─────────────

    Error: Timed out 5000ms waiting for expect(page).toHaveURL(expected)

    Expected string: "http://localhost:8080/dashboard"
    Received string: "http://localhost:8080/login"
    Call log:
      - Expect "toHaveURL" with timeout 5000ms
        9 × unexpected value "http://localhost:8080/login"


      158 |     await page.fill('[data-testid="password-input"]', 'password')
      159 |     await page.click('[data-testid="login-button"]')
    > 160 |     await expect(page).toHaveURL('/dashboard')
          |                        ^
      161 |   })
      162 |
      163 |   test('can view equipment list', async ({ page }) => {
        at /workspaces/MaintainPro-Replit/tests/e2e/main-flows.spec.ts:160:24

[...]
        at /workspaces/MaintainPro-Replit/tests/e2e/main-flows.spec.ts:215:24

    attachment #1: screenshot (image/png) ──────────────────────────────────────────────────────────
    ../../test-results/main-flows-Dashboard-and-A-2ddcc--displays-dashboard-metrics-Mobile-Safari/test-failed-1.png
    ────────────────────────────────────────────────────────────────────────────────────────────────

    attachment #2: video (video/webm) ──────────────────────────────────────────────────────────────
    ../../test-results/main-flows-Dashboard-and-A-2ddcc--displays-dashboard-metrics-Mobile-Safari/video.webm
    ────────────────────────────────────────────────────────────────────────────────────────────────

    Error Context: ../../test-results/main-flows-Dashboard-and-A-2ddcc--displays-dashboard-metrics-Mobile-Safari/error-context.md
]]>
</failure>
<system-out>
<![CDATA[
[[ATTACHMENT|main-flows-Dashboard-and-A-2ddcc--displays-dashboard-metrics-Mobile-Safari/test-failed-1.png]]

[[ATTACHMENT|main-flows-Dashboard-and-A-2ddcc--displays-dashboard-metrics-Mobile-Safari/video.webm]]

[[ATTACHMENT|main-flows-Dashboard-and-A-2ddcc--displays-dashboard-metrics-Mobile-Safari/error-context.md]]
]]>
</system-out>
</testcase>
<testcase name="Dashboard and Analytics › can filter dashboard by date range" classname="main-flows.spec.ts" time="6.988">
<failure message="main-flows.spec.ts:230:3 can filter dashboard by date range" type="FAILURE">
<![CDATA[  [Mobile Safari] › main-flows.spec.ts:230:3 › Dashboard and Analytics › can filter dashboard by date range 

    Error: Timed out 5000ms waiting for expect(page).toHaveURL(expected)

    Expected string: "http://localhost:8080/dashboard"
    Received string: "http://localhost:8080/login"
    Call log:
      - Expect "toHaveURL" with timeout 5000ms
        9 × unexpected value "http://localhost:8080/login"


      213 |     await page.fill('[data-testid="password-input"]', 'password')
      214 |     await page.click('[data-testid="login-button"]')
    > 215 |     await expect(page).toHaveURL('/dashboard')
          |                        ^
      216 |   })
      217 |
      218 |   test('displays dashboard metrics', async ({ page }) => {
        at /workspaces/MaintainPro-Replit/tests/e2e/main-flows.spec.ts:215:24

    attachment #1: screenshot (image/png) ──────────────────────────────────────────────────────────
    ../../test-results/main-flows-Dashboard-and-A-34429-ter-dashboard-by-date-range-Mobile-Safari/test-failed-1.png
    ────────────────────────────────────────────────────────────────────────────────────────────────

    attachment #2: video (video/webm) ──────────────────────────────────────────────────────────────
    ../../test-results/main-flows-Dashboard-and-A-34429-ter-dashboard-by-date-range-Mobile-Safari/video.webm
    ────────────────────────────────────────────────────────────────────────────────────────────────

    Error Context: ../../test-results/main-flows-Dashboard-and-A-34429-ter-dashboard-by-date-range-Mobile-Safari/error-context.md
]]>
</failure>
<system-out>
<![CDATA[
[[ATTACHMENT|main-flows-Dashboard-and-A-34429-ter-dashboard-by-date-range-Mobile-Safari/test-failed-1.png]]

[[ATTACHMENT|main-flows-Dashboard-and-A-34429-ter-dashboard-by-date-range-Mobile-Safari/video.webm]]

[[ATTACHMENT|main-flows-Dashboard-and-A-34429-ter-dashboard-by-date-range-Mobile-Safari/error-context.md]]
]]>
</system-out>
</testcase>
<testcase name="Mobile Responsiveness › mobile navigation works correctly" classname="main-flows.spec.ts" time="30.925">
<failure message="main-flows.spec.ts:249:3 mobile navigation works correctly" type="FAILURE">
<![CDATA[  [Mobile Safari] › main-flows.spec.ts:249:3 › Mobile Responsiveness › mobile navigation works correctly 

    Test timeout of 30000ms exceeded.

    Error: page.click: Test timeout of 30000ms exceeded.
    Call log:
      - waiting for locator('[data-testid="mobile-menu-button"]')


      254 |     
      255 |     // Open mobile menu
    > 256 |     await page.click('[data-testid="mobile-menu-button"]')
          |                ^
      257 |     
      258 |     // Verify menu items are visible
      259 |     await expect(page.locator('[data-testid="mobile-nav-dashboard"]')).toBeVisible()
        at /workspaces/MaintainPro-Replit/tests/e2e/main-flows.spec.ts:256:16

    attachment #1: screenshot (image/png) ──────────────────────────────────────────────────────────
    ../../test-results/main-flows-Mobile-Responsi-5632e--navigation-works-correctly-Mobile-Safari/test-failed-1.png
    ────────────────────────────────────────────────────────────────────────────────────────────────

    attachment #2: video (video/webm) ──────────────────────────────────────────────────────────────
    ../../test-results/main-flows-Mobile-Responsi-5632e--navigation-works-correctly-Mobile-Safari/video.webm
    ────────────────────────────────────────────────────────────────────────────────────────────────

    Error Context: ../../test-results/main-flows-Mobile-Responsi-5632e--navigation-works-correctly-Mobile-Safari/error-context.md
]]>
</failure>
<system-out>
<![CDATA[
[[ATTACHMENT|main-flows-Mobile-Responsi-5632e--navigation-works-correctly-Mobile-Safari/test-failed-1.png]]

[[ATTACHMENT|main-flows-Mobile-Responsi-5632e--navigation-works-correctly-Mobile-Safari/video.webm]]

[[ATTACHMENT|main-flows-Mobile-Responsi-5632e--navigation-works-correctly-Mobile-Safari/error-context.md]]
]]>
</system-out>
</testcase>
<testcase name="Mobile Responsiveness › work order cards are touch-friendly" classname="main-flows.spec.ts" time="31.075">
<failure message="main-flows.spec.ts:268:3 work order cards are touch-friendly" type="FAILURE">
<![CDATA[  [Mobile Safari] › main-flows.spec.ts:268:3 › Mobile Responsiveness › work order cards are touch-friendly 

    Test timeout of 30000ms exceeded.

    Error: locator.boundingBox: Test timeout of 30000ms exceeded.
    Call log:
      - waiting for locator('[data-testid="work-order-card"]').first()


      276 |     // Verify work order cards are adequately sized for touch
      277 |     const workOrderCard = page.locator('[data-testid="work-order-card"]').first()
    > 278 |     const boundingBox = await workOrderCard.boundingBox()
          |                                             ^
      279 |     
      280 |     // Minimum touch target size should be 44px (WCAG recommendation)
      281 |     expect(boundingBox!.height).toBeGreaterThan(44)
        at /workspaces/MaintainPro-Replit/tests/e2e/main-flows.spec.ts:278:45

    attachment #1: screenshot (image/png) ──────────────────────────────────────────────────────────
    ../../test-results/main-flows-Mobile-Responsi-52d7b-er-cards-are-touch-friendly-Mobile-Safari/test-failed-1.png
    ────────────────────────────────────────────────────────────────────────────────────────────────

    attachment #2: video (video/webm) ──────────────────────────────────────────────────────────────
    ../../test-results/main-flows-Mobile-Responsi-52d7b-er-cards-are-touch-friendly-Mobile-Safari/video.webm
    ────────────────────────────────────────────────────────────────────────────────────────────────

    Error Context: ../../test-results/main-flows-Mobile-Responsi-52d7b-er-cards-are-touch-friendly-Mobile-Safari/error-context.md
]]>
</failure>
<system-out>
<![CDATA[
[[ATTACHMENT|main-flows-Mobile-Responsi-52d7b-er-cards-are-touch-friendly-Mobile-Safari/test-failed-1.png]]

[[ATTACHMENT|main-flows-Mobile-Responsi-52d7b-er-cards-are-touch-friendly-Mobile-Safari/video.webm]]

[[ATTACHMENT|main-flows-Mobile-Responsi-52d7b-er-cards-are-touch-friendly-Mobile-Safari/error-context.md]]
]]>
</system-out>
</testcase>
<testcase name="Offline Functionality › shows offline indicator when network is unavailable" classname="main-flows.spec.ts" time="7.354">
<failure message="main-flows.spec.ts:286:3 shows offline indicator when network is unavailable" type="FAILURE">
<![CDATA[  [Mobile Safari] › main-flows.spec.ts:286:3 › Offline Functionality › shows offline indicator when network is unavailable 

    Error: Timed out 5000ms waiting for expect(locator).toBeVisible()

    Locator: locator('[data-testid="offline-indicator"]')
    Expected: visible
    Received: <element(s) not found>
    Call log:
      - Expect "toBeVisible" with timeout 5000ms
      - waiting for locator('[data-testid="offline-indicator"]')


      294 |     
      295 |     // Verify offline indicator appears
    > 296 |     await expect(page.locator('[data-testid="offline-indicator"]')).toBeVisible()
          |                                                                     ^
      297 |     await expect(page.locator('[data-testid="offline-indicator"]')).toContainText('Offline')
      298 |   })
      299 |
        at /workspaces/MaintainPro-Replit/tests/e2e/main-flows.spec.ts:296:69

    attachment #1: screenshot (image/png) ──────────────────────────────────────────────────────────
    ../../test-results/main-flows-Offline-Functio-20812-when-network-is-unavailable-Mobile-Safari/test-failed-1.png
    ────────────────────────────────────────────────────────────────────────────────────────────────

    attachment #2: video (video/webm) ──────────────────────────────────────────────────────────────
    ../../test-results/main-flows-Offline-Functio-20812-when-network-is-unavailable-Mobile-Safari/video.webm
    ────────────────────────────────────────────────────────────────────────────────────────────────

    Error Context: ../../test-results/main-flows-Offline-Functio-20812-when-network-is-unavailable-Mobile-Safari/error-context.md
]]>
</failure>
<system-out>
<![CDATA[
[[ATTACHMENT|main-flows-Offline-Functio-20812-when-network-is-unavailable-Mobile-Safari/test-failed-1.png]]

[[ATTACHMENT|main-flows-Offline-Functio-20812-when-network-is-unavailable-Mobile-Safari/video.webm]]

[[ATTACHMENT|main-flows-Offline-Functio-20812-when-network-is-unavailable-Mobile-Safari/error-context.md]]
]]>
</system-out>
</testcase>
<testcase name="Offline Functionality › can complete work orders offline" classname="main-flows.spec.ts" time="31.255">
<failure message="main-flows.spec.ts:300:3 can complete work orders offline" type="FAILURE">
<![CDATA[  [Mobile Safari] › main-flows.spec.ts:300:3 › Offline Functionality › can complete work orders offline 

    Test timeout of 30000ms exceeded.

    Error: page.click: Test timeout of 30000ms exceeded.
    Call log:
      - waiting for locator('[data-testid="work-order-card"]')


      310 |     
      311 |     // Complete work order
    > 312 |     await page.click('[data-testid="work-order-card"]')
          |                ^
      313 |     await page.selectOption('[data-testid="status-select"]', 'completed')
      314 |     await page.click('[data-testid="complete-button"]')
      315 |     
        at /workspaces/MaintainPro-Replit/tests/e2e/main-flows.spec.ts:312:16

    attachment #1: screenshot (image/png) ──────────────────────────────────────────────────────────
    ../../test-results/main-flows-Offline-Functio-6eeb0-omplete-work-orders-offline-Mobile-Safari/test-failed-1.png
    ────────────────────────────────────────────────────────────────────────────────────────────────

    attachment #2: video (video/webm) ──────────────────────────────────────────────────────────────
    ../../test-results/main-flows-Offline-Functio-6eeb0-omplete-work-orders-offline-Mobile-Safari/video.webm
    ────────────────────────────────────────────────────────────────────────────────────────────────

    Error Context: ../../test-results/main-flows-Offline-Functio-6eeb0-omplete-work-orders-offline-Mobile-Safari/error-context.md
]]>
</failure>
<system-out>
<![CDATA[
[[ATTACHMENT|main-flows-Offline-Functio-6eeb0-omplete-work-orders-offline-Mobile-Safari/test-failed-1.png]]

[[ATTACHMENT|main-flows-Offline-Functio-6eeb0-omplete-work-orders-offline-Mobile-Safari/video.webm]]

[[ATTACHMENT|main-flows-Offline-Functio-6eeb0-omplete-work-orders-offline-Mobile-Safari/error-context.md]]
]]>
</system-out>
</testcase>
<testcase name="Accessibility › supports keyboard navigation" classname="main-flows.spec.ts" time="6.244">
<failure message="main-flows.spec.ts:329:3 supports keyboard navigation" type="FAILURE">
<![CDATA[  [Mobile Safari] › main-flows.spec.ts:329:3 › Accessibility › supports keyboard navigation ────────

    Error: Timed out 5000ms waiting for expect(locator).toBeFocused()

    Locator: locator('[data-testid="email-input"]')
    Expected: focused
    Received: inactive
    Call log:
      - Expect "toBeFocused" with timeout 5000ms
      - waiting for locator('[data-testid="email-input"]')
        8 × locator resolved to <input value="" id="email" required="" type="email" data-testid="email-input" placeholder="Enter your email" class="flex h-10 w-full rounded-md border border-input bg-background px-3 py-2 text-base ring-offset-background file:border-0 file:bg-transparent file:text-sm file:font-medium file:text-foreground placeholder:text-muted-foreground focus-visible:outline-none focus-visible:ring-2 focus-visible:ring-ring focus-visible:ring-offset-2 disabled:cursor-not-allowed disabled:opacity-50 md:text-sm mt-1"/>
          - unexpected value "inactive"


      332 |     // Tab through form elements
      333 |     await page.keyboard.press('Tab')
    > 334 |     await expect(page.locator('[data-testid="email-input"]')).toBeFocused()
          |                                                               ^
      335 |     
      336 |     await page.keyboard.press('Tab')
      337 |     await expect(page.locator('[data-testid="password-input"]')).toBeFocused()
        at /workspaces/MaintainPro-Replit/tests/e2e/main-flows.spec.ts:334:63

    attachment #1: screenshot (image/png) ──────────────────────────────────────────────────────────
    ../../test-results/main-flows-Accessibility-supports-keyboard-navigation-Mobile-Safari/test-failed-1.png
    ────────────────────────────────────────────────────────────────────────────────────────────────

    attachment #2: video (video/webm) ──────────────────────────────────────────────────────────────
    ../../test-results/main-flows-Accessibility-supports-keyboard-navigation-Mobile-Safari/video.webm
    ────────────────────────────────────────────────────────────────────────────────────────────────

    Error Context: ../../test-results/main-flows-Accessibility-supports-keyboard-navigation-Mobile-Safari/error-context.md
]]>
</failure>
<system-out>
<![CDATA[
[[ATTACHMENT|main-flows-Accessibility-supports-keyboard-navigation-Mobile-Safari/test-failed-1.png]]

[[ATTACHMENT|main-flows-Accessibility-supports-keyboard-navigation-Mobile-Safari/video.webm]]

[[ATTACHMENT|main-flows-Accessibility-supports-keyboard-navigation-Mobile-Safari/error-context.md]]
]]>
</system-out>
</testcase>
<testcase name="Accessibility › has proper focus indicators" classname="main-flows.spec.ts" time="6.226">
<failure message="main-flows.spec.ts:343:3 has proper focus indicators" type="FAILURE">
<![CDATA[  [Mobile Safari] › main-flows.spec.ts:343:3 › Accessibility › has proper focus indicators ─────────

    Error: Timed out 5000ms waiting for expect(locator).toBeFocused()

    Locator: locator('[data-testid="email-input"]')
    Expected: focused
    Received: inactive
    Call log:
      - Expect "toBeFocused" with timeout 5000ms
      - waiting for locator('[data-testid="email-input"]')
        8 × locator resolved to <input value="" id="email" required="" type="email" data-testid="email-input" placeholder="Enter your email" class="flex h-10 w-full rounded-md border border-input bg-background px-3 py-2 text-base ring-offset-background file:border-0 file:bg-transparent file:text-sm file:font-medium file:text-foreground placeholder:text-muted-foreground focus-visible:outline-none focus-visible:ring-2 focus-visible:ring-ring focus-visible:ring-offset-2 disabled:cursor-not-allowed disabled:opacity-50 md:text-sm mt-1"/>
          - unexpected value "inactive"


      347 |     await page.keyboard.press('Tab')
      348 |     const emailInput = page.locator('[data-testid="email-input"]')
    > 349 |     await expect(emailInput).toBeFocused()
          |                              ^
      350 |     
      351 |     // Verify focus indicator is visible (this would need specific CSS checks)
      352 |     // await expect(emailInput).toHaveCSS('outline', expect.stringContaining('solid'))
        at /workspaces/MaintainPro-Replit/tests/e2e/main-flows.spec.ts:349:30

    attachment #1: screenshot (image/png) ──────────────────────────────────────────────────────────
    ../../test-results/main-flows-Accessibility-has-proper-focus-indicators-Mobile-Safari/test-failed-1.png
    ────────────────────────────────────────────────────────────────────────────────────────────────

    attachment #2: video (video/webm) ──────────────────────────────────────────────────────────────
    ../../test-results/main-flows-Accessibility-has-proper-focus-indicators-Mobile-Safari/video.webm
    ────────────────────────────────────────────────────────────────────────────────────────────────

    Error Context: ../../test-results/main-flows-Accessibility-has-proper-focus-indicators-Mobile-Safari/error-context.md
]]>
</failure>
<system-out>
<![CDATA[
[[ATTACHMENT|main-flows-Accessibility-has-proper-focus-indicators-Mobile-Safari/test-failed-1.png]]

[[ATTACHMENT|main-flows-Accessibility-has-proper-focus-indicators-Mobile-Safari/video.webm]]

[[ATTACHMENT|main-flows-Accessibility-has-proper-focus-indicators-Mobile-Safari/error-context.md]]
]]>
</system-out>
</testcase>
<testcase name="Performance › dashboard loads within acceptable time" classname="main-flows.spec.ts" time="1.985">
</testcase>
<testcase name="Performance › work order list handles large datasets" classname="main-flows.spec.ts" time="7.656">
<failure message="main-flows.spec.ts:371:3 work order list handles large datasets" type="FAILURE">
<![CDATA[  [Mobile Safari] › main-flows.spec.ts:371:3 › Performance › work order list handles large datasets 

    Error: Timed out 5000ms waiting for expect(locator).toBeVisible()

    Locator: locator('[data-testid="work-order-list"]')
    Expected: visible
    Received: <element(s) not found>
    Call log:
      - Expect "toBeVisible" with timeout 5000ms
      - waiting for locator('[data-testid="work-order-list"]')


      379 |     // Verify virtual scrolling is working (if implemented)
      380 |     // This would need specific implementation details
    > 381 |     await expect(page.locator('[data-testid="work-order-list"]')).toBeVisible()
          |                                                                   ^
      382 |   })
      383 | })
      384 |
        at /workspaces/MaintainPro-Replit/tests/e2e/main-flows.spec.ts:381:67

    attachment #1: screenshot (image/png) ──────────────────────────────────────────────────────────
    ../../test-results/main-flows-Performance-wor-55672-list-handles-large-datasets-Mobile-Safari/test-failed-1.png
    ────────────────────────────────────────────────────────────────────────────────────────────────

    attachment #2: video (video/webm) ──────────────────────────────────────────────────────────────
    ../../test-results/main-flows-Performance-wor-55672-list-handles-large-datasets-Mobile-Safari/video.webm
    ────────────────────────────────────────────────────────────────────────────────────────────────

    Error Context: ../../test-results/main-flows-Performance-wor-55672-list-handles-large-datasets-Mobile-Safari/error-context.md
]]>
</failure>
<system-out>
<![CDATA[
[[ATTACHMENT|main-flows-Performance-wor-55672-list-handles-large-datasets-Mobile-Safari/test-failed-1.png]]

[[ATTACHMENT|main-flows-Performance-wor-55672-list-handles-large-datasets-Mobile-Safari/video.webm]]

[[ATTACHMENT|main-flows-Performance-wor-55672-list-handles-large-datasets-Mobile-Safari/error-context.md]]
]]>
</system-out>
</testcase>
</testsuite>
</testsuites>